<?xml version="1.0" encoding="UTF-8"?>
<testng-results skipped="0" failed="0" ignored="0" total="2" passed="2">
  <reporter-output>
  </reporter-output>
  <suite name="TestSuite" duration-ms="115667" started-at="2018-01-23T22:03:54Z" finished-at="2018-01-23T22:05:50Z">
    <groups>
    </groups>
    <test name="ChromeTest" duration-ms="60085" started-at="2018-01-23T22:03:54Z" finished-at="2018-01-23T22:04:54Z">
      <class name="realtor.TestCase">
        <test-method status="PASS" signature="setup(java.lang.String)[pri:0, instance:realtor.TestCase@33f88ab]" name="setup" is-config="true" duration-ms="22103" started-at="2018-01-23T17:03:54Z" finished-at="2018-01-23T17:04:16Z">
          <params>
            <param index="0">
              <value>
                <![CDATA[Chrome]]>
              </value>
            </param>
          </params>
          <reporter-output>
          </reporter-output>
        </test-method> <!-- setup -->
        <test-method status="PASS" signature="testPages()[pri:0, instance:realtor.TestCase@33f88ab]" name="testPages" duration-ms="37943" started-at="2018-01-23T17:04:16Z" finished-at="2018-01-23T17:04:54Z">
          <reporter-output>
          </reporter-output>
        </test-method> <!-- testPages -->
      </class> <!-- realtor.TestCase -->
    </test> <!-- ChromeTest -->
    <test name="EdgeTest" duration-ms="55480" started-at="2018-01-23T22:04:55Z" finished-at="2018-01-23T22:05:50Z">
      <class name="realtor.TestCase">
        <test-method status="PASS" signature="setup(java.lang.String)[pri:0, instance:realtor.TestCase@480bdb19]" name="setup" is-config="true" duration-ms="22902" started-at="2018-01-23T17:04:55Z" finished-at="2018-01-23T17:05:17Z">
          <params>
            <param index="0">
              <value>
                <![CDATA[Edge]]>
              </value>
            </param>
          </params>
          <reporter-output>
          </reporter-output>
        </test-method> <!-- setup -->
        <test-method status="PASS" signature="testPages()[pri:0, instance:realtor.TestCase@480bdb19]" name="testPages" duration-ms="32573" started-at="2018-01-23T17:05:17Z" finished-at="2018-01-23T17:05:50Z">
          <reporter-output>
          </reporter-output>
        </test-method> <!-- testPages -->
      </class> <!-- realtor.TestCase -->
    </test> <!-- EdgeTest -->
  </suite> <!-- TestSuite -->
</testng-results>
